<?xml version="1.0" encoding="UTF-8"?>
<testng-results skipped="0" failed="0" ignored="0" total="1" passed="1">
  <reporter-output>
  </reporter-output>
  <suite name="Default suite" duration-ms="52309" started-at="2022-02-03T06:21:43Z" finished-at="2022-02-03T06:22:35Z">
    <groups>
    </groups>
    <test name="Default test" duration-ms="52309" started-at="2022-02-03T06:21:43Z" finished-at="2022-02-03T06:22:35Z">
      <class name="com.edureka.testCases.MyProfileTest">
        <test-method status="PASS" signature="setup()[pri:0, instance:com.edureka.testCases.MyProfileTest@6646153]" name="setup" is-config="true" duration-ms="1705" started-at="2022-02-03T06:21:43Z" finished-at="2022-02-03T06:21:44Z">
          <reporter-output>
          </reporter-output>
        </test-method> <!-- setup -->
        <test-method status="PASS" signature="launchUrl()[pri:0, instance:com.edureka.testCases.MyProfileTest@6646153]" name="launchUrl" is-config="true" duration-ms="2093" started-at="2022-02-03T06:21:44Z" finished-at="2022-02-03T06:21:46Z">
          <reporter-output>
          </reporter-output>
        </test-method> <!-- launchUrl -->
        <test-method status="PASS" signature="updateCandidateDetails()[pri:0, instance:com.edureka.testCases.MyProfileTest@6646153]" name="updateCandidateDetails" duration-ms="48372" started-at="2022-02-03T06:21:46Z" finished-at="2022-02-03T06:22:35Z">
          <reporter-output>
          </reporter-output>
        </test-method> <!-- updateCandidateDetails -->
        <test-method status="PASS" signature="tearDown()[pri:0, instance:com.edureka.testCases.MyProfileTest@6646153]" name="tearDown" is-config="true" duration-ms="106" started-at="2022-02-03T06:22:35Z" finished-at="2022-02-03T06:22:35Z">
          <reporter-output>
          </reporter-output>
        </test-method> <!-- tearDown -->
      </class> <!-- com.edureka.testCases.MyProfileTest -->
    </test> <!-- Default test -->
  </suite> <!-- Default suite -->
</testng-results>
